# JRE version: Java(TM) SE Runtime Environment (7.0_51-b13) (build 1.7.0_51-b13)
# Java VM: Java HotSpot(TM) 64-Bit Server VM (24.51-b03 mixed mode linux-amd64 compressed oops)
Heap
 PSYoungGen      total 167936K, used 120905K [0x00000000f5500000, 0x00000000ffd00000, 0x0000000100000000)
  eden space 163840K, 73% used [0x00000000f5500000,0x00000000fcb12690,0x00000000ff500000)
  from space 4096K, 0% used [0x00000000ff900000,0x00000000ff900000,0x00000000ffd00000)
  to   space 4096K, 0% used [0x00000000ff500000,0x00000000ff500000,0x00000000ff900000)
 ParOldGen       total 152064K, used 113740K [0x00000000e0000000, 0x00000000e9480000, 0x00000000f5500000)
  object space 152064K, 74% used [0x00000000e0000000,0x00000000e6f13098,0x00000000e9480000)
 PSPermGen       total 103936K, used 103663K [0x00000000d0000000, 0x00000000d6580000, 0x00000000e0000000)
  object space 103936K, 99% used [0x00000000d0000000,0x00000000d653bfb0,0x00000000d6580000)
GC Heap History (10 events):
Event: 26648.923 GC heap before
{Heap before GC invocations=959 (full 322):
 PSYoungGen      total 166400K, used 162304K [0x00000000f5500000, 0x00000000ffb80000, 0x0000000100000000)
  eden space 162304K, 100% used [0x00000000f5500000,0x00000000ff380000,0x00000000ff380000)
  from space 4096K, 0% used [0x00000000ff780000,0x00000000ff780000,0x00000000ffb80000)
  to   space 4096K, 0% used [0x00000000ff380000,0x00000000ff380000,0x00000000ff780000)
 ParOldGen       total 152064K, used 114424K [0x00000000e0000000, 0x00000000e9480000, 0x00000000f5500000)
  object space 152064K, 75% used [0x00000000e0000000,0x00000000e6fbe140,0x00000000e9480000)
 PSPermGen       total 103936K, used 103591K [0x00000000d0000000, 0x00000000d6580000, 0x00000000e0000000)
  object space 103936K, 99% used [0x00000000d0000000,0x00000000d6529ed0,0x00000000d6580000)
Event: 26648.936 GC heap after
Heap after GC invocations=959 (full 322):
 PSYoungGen      total 166400K, used 1428K [0x00000000f5500000, 0x00000000ffc00000, 0x0000000100000000)
  eden space 162304K, 0% used [0x00000000f5500000,0x00000000f5500000,0x00000000ff380000)
  from space 4096K, 34% used [0x00000000ff380000,0x00000000ff4e53a0,0x00000000ff780000)
  to   space 4096K, 0% used [0x00000000ff800000,0x00000000ff800000,0x00000000ffc00000)
 ParOldGen       total 152064K, used 114424K [0x00000000e0000000, 0x00000000e9480000, 0x00000000f5500000)
  object space 152064K, 75% used [0x00000000e0000000,0x00000000e6fbe140,0x00000000e9480000)
 PSPermGen       total 103936K, used 103591K [0x00000000d0000000, 0x00000000d6580000, 0x00000000e0000000)
  object space 103936K, 99% used [0x00000000d0000000,0x00000000d6529ed0,0x00000000d6580000)
}
Event: 26655.801 GC heap before
{Heap before GC invocations=960 (full 322):
 PSYoungGen      total 166400K, used 163732K [0x00000000f5500000, 0x00000000ffc00000, 0x0000000100000000)
  eden space 162304K, 100% used [0x00000000f5500000,0x00000000ff380000,0x00000000ff380000)
  from space 4096K, 34% used [0x00000000ff380000,0x00000000ff4e53a0,0x00000000ff780000)
  to   space 4096K, 0% used [0x00000000ff800000,0x00000000ff800000,0x00000000ffc00000)
 ParOldGen       total 152064K, used 114424K [0x00000000e0000000, 0x00000000e9480000, 0x00000000f5500000)
  object space 152064K, 75% used [0x00000000e0000000,0x00000000e6fbe140,0x00000000e9480000)
 PSPermGen       total 103936K, used 103592K [0x00000000d0000000, 0x00000000d6580000, 0x00000000e0000000)
  object space 103936K, 99% used [0x00000000d0000000,0x00000000d652a1b8,0x00000000d6580000)
Event: 26655.813 GC heap after
Heap after GC invocations=960 (full 322):
 PSYoungGen      total 166912K, used 2221K [0x00000000f5500000, 0x00000000ffc80000, 0x0000000100000000)
  eden space 162816K, 0% used [0x00000000f5500000,0x00000000f5500000,0x00000000ff400000)
  from space 4096K, 54% used [0x00000000ff800000,0x00000000ffa2b558,0x00000000ffc00000)
  to   space 4096K, 0% used [0x00000000ff400000,0x00000000ff400000,0x00000000ff800000)
 ParOldGen       total 152064K, used 114424K [0x00000000e0000000, 0x00000000e9480000, 0x00000000f5500000)
  object space 152064K, 75% used [0x00000000e0000000,0x00000000e6fbe140,0x00000000e9480000)
 PSPermGen       total 103936K, used 103592K [0x00000000d0000000, 0x00000000d6580000, 0x00000000e0000000)
  object space 103936K, 99% used [0x00000000d0000000,0x00000000d652a1b8,0x00000000d6580000)
}
Event: 26667.062 GC heap before
{Heap before GC invocations=961 (full 322):
 PSYoungGen      total 166912K, used 165037K [0x00000000f5500000, 0x00000000ffc80000, 0x0000000100000000)
  eden space 162816K, 100% used [0x00000000f5500000,0x00000000ff400000,0x00000000ff400000)
  from space 4096K, 54% used [0x00000000ff800000,0x00000000ffa2b558,0x00000000ffc00000)
  to   space 4096K, 0% used [0x00000000ff400000,0x00000000ff400000,0x00000000ff800000)
 ParOldGen       total 152064K, used 114424K [0x00000000e0000000, 0x00000000e9480000, 0x00000000f5500000)
  object space 152064K, 75% used [0x00000000e0000000,0x00000000e6fbe140,0x00000000e9480000)
 PSPermGen       total 103936K, used 103668K [0x00000000d0000000, 0x00000000d6580000, 0x00000000e0000000)
  object space 103936K, 99% used [0x00000000d0000000,0x00000000d653d3a8,0x00000000d6580000)
Event: 26667.070 GC heap after
Heap after GC invocations=961 (full 322):
 PSYoungGen      total 166912K, used 1622K [0x00000000f5500000, 0x00000000ffd00000, 0x0000000100000000)
  eden space 162816K, 0% used [0x00000000f5500000,0x00000000f5500000,0x00000000ff400000)
  from space 4096K, 39% used [0x00000000ff400000,0x00000000ff595aa8,0x00000000ff800000)
  to   space 4096K, 0% used [0x00000000ff900000,0x00000000ff900000,0x00000000ffd00000)
 ParOldGen       total 152064K, used 114424K [0x00000000e0000000, 0x00000000e9480000, 0x00000000f5500000)
  object space 152064K, 75% used [0x00000000e0000000,0x00000000e6fbe140,0x00000000e9480000)
 PSPermGen       total 103936K, used 103668K [0x00000000d0000000, 0x00000000d6580000, 0x00000000e0000000)
  object space 103936K, 99% used [0x00000000d0000000,0x00000000d653d3a8,0x00000000d6580000)
}
Event: 26682.628 GC heap before
{Heap before GC invocations=962 (full 322):
 PSYoungGen      total 166912K, used 76237K [0x00000000f5500000, 0x00000000ffd00000, 0x0000000100000000)
  eden space 162816K, 45% used [0x00000000f5500000,0x00000000f9ddd9d0,0x00000000ff400000)
  from space 4096K, 39% used [0x00000000ff400000,0x00000000ff595aa8,0x00000000ff800000)
  to   space 4096K, 0% used [0x00000000ff900000,0x00000000ff900000,0x00000000ffd00000)
 ParOldGen       total 152064K, used 114424K [0x00000000e0000000, 0x00000000e9480000, 0x00000000f5500000)
  object space 152064K, 75% used [0x00000000e0000000,0x00000000e6fbe140,0x00000000e9480000)
 PSPermGen       total 103936K, used 103745K [0x00000000d0000000, 0x00000000d6580000, 0x00000000e0000000)
  object space 103936K, 99% used [0x00000000d0000000,0x00000000d6550598,0x00000000d6580000)
Event: 26682.636 GC heap after
Heap after GC invocations=962 (full 322):
 PSYoungGen      total 167936K, used 1054K [0x00000000f5500000, 0x00000000ffd00000, 0x0000000100000000)
  eden space 163840K, 0% used [0x00000000f5500000,0x00000000f5500000,0x00000000ff500000)
  from space 4096K, 25% used [0x00000000ff900000,0x00000000ffa07860,0x00000000ffd00000)
  to   space 4096K, 0% used [0x00000000ff500000,0x00000000ff500000,0x00000000ff900000)
 ParOldGen       total 152064K, used 114424K [0x00000000e0000000, 0x00000000e9480000, 0x00000000f5500000)
  object space 152064K, 75% used [0x00000000e0000000,0x00000000e6fbe140,0x00000000e9480000)
 PSPermGen       total 103936K, used 103745K [0x00000000d0000000, 0x00000000d6580000, 0x00000000e0000000)
  object space 103936K, 99% used [0x00000000d0000000,0x00000000d6550598,0x00000000d6580000)
}
Event: 26682.636 GC heap before
{Heap before GC invocations=963 (full 323):
 PSYoungGen      total 167936K, used 1054K [0x00000000f5500000, 0x00000000ffd00000, 0x0000000100000000)
  eden space 163840K, 0% used [0x00000000f5500000,0x00000000f5500000,0x00000000ff500000)
  from space 4096K, 25% used [0x00000000ff900000,0x00000000ffa07860,0x00000000ffd00000)
  to   space 4096K, 0% used [0x00000000ff500000,0x00000000ff500000,0x00000000ff900000)
 ParOldGen       total 152064K, used 114424K [0x00000000e0000000, 0x00000000e9480000, 0x00000000f5500000)
  object space 152064K, 75% used [0x00000000e0000000,0x00000000e6fbe140,0x00000000e9480000)
 PSPermGen       total 103936K, used 103745K [0x00000000d0000000, 0x00000000d6580000, 0x00000000e0000000)
  object space 103936K, 99% used [0x00000000d0000000,0x00000000d6550598,0x00000000d6580000)
Event: 26683.099 GC heap after
Heap after GC invocations=963 (full 323):
 PSYoungGen      total 167936K, used 0K [0x00000000f5500000, 0x00000000ffd00000, 0x0000000100000000)
  eden space 163840K, 0% used [0x00000000f5500000,0x00000000f5500000,0x00000000ff500000)
  from space 4096K, 0% used [0x00000000ff900000,0x00000000ff900000,0x00000000ffd00000)
  to   space 4096K, 0% used [0x00000000ff500000,0x00000000ff500000,0x00000000ff900000)
 ParOldGen       total 152064K, used 113740K [0x00000000e0000000, 0x00000000e9480000, 0x00000000f5500000)
  object space 152064K, 74% used [0x00000000e0000000,0x00000000e6f13098,0x00000000e9480000)
 PSPermGen       total 103936K, used 103546K [0x00000000d0000000, 0x00000000d6580000, 0x00000000e0000000)
  object space 103936K, 99% used [0x00000000d0000000,0x00000000d651e800,0x00000000d6580000)
}

